<?xml version="1.0" encoding="UTF-8"?>
<!-- Generated by org.testng.reporters.JUnitReportReporter -->
<testsuite hostname="DESKTOP-T5380G9" failures="0" tests="2" name="TestNg.SampleTest1" time="0.012" errors="0" timestamp="2024-12-14T10:14:39 IST" skipped="0">
  <testcase classname="TestNg.SampleTest1" name="m2" time="0.002"/>
  <system-out/>
  <testcase classname="TestNg.SampleTest1" name="m1" time="0.010"/>
  <system-out/>
</testsuite> <!-- TestNg.SampleTest1 -->
