<?xml version="1.0" encoding="UTF-8"?>
<!-- Generated by org.testng.reporters.JUnitReportReporter -->
<testsuite hostname="DESKTOP-T5380G9" failures="0" tests="1" name="TestNg.SampleTest" time="0.001" errors="0" timestamp="2024-12-14T10:14:39 IST" skipped="0">
  <testcase classname="TestNg.SampleTest" name="s1" time="0.001"/>
  <system-out/>
</testsuite> <!-- TestNg.SampleTest -->
